<?xml version="1.0" encoding="UTF-8"?>
<!-- Generated by org.testng.reporters.JUnitReportReporter -->
<testsuite hostname="Yashi-BStat" failures="0" tests="2" name="com.POMtestclass.ProductStoreTest" time="1.769" errors="0" timestamp="2024-12-27T15:32:45 IST" skipped="0">
  <testcase classname="com.POMtestclass.ProductStoreTest" name="addProductToCart" time="0.752"/>
  <testcase classname="com.POMtestclass.ProductStoreTest" name="openCart" time="1.017"/>
</testsuite> <!-- com.POMtestclass.ProductStoreTest -->
